# JRE version: OpenJDK Runtime Environment Temurin-17.0.8.1+1 (17.0.8.1+1) (build 17.0.8.1+1)
# Java VM: OpenJDK 64-Bit Server VM Temurin-17.0.8.1+1 (17.0.8.1+1, mixed mode, sharing, tiered, compressed oops, compressed class ptrs, g1 gc, windows-amd64)
GC Precious Log:
 CPUs: 8 total, 8 available
 Memory: 7778M
 Large Page Support: Disabled
 NUMA Support: Disabled
 Compressed Oops: Enabled (32-bit)
 Heap Region Size: 1M
 Heap Min Capacity: 8M
 Heap Initial Capacity: 122M
 Heap Max Capacity: 1946M
 Pre-touch: Disabled
 Parallel Workers: 8
 Concurrent Workers: 2
 Concurrent Refinement Workers: 8
 Periodic GC: Disabled
Heap:
 garbage-first heap   total 273408K, used 120476K [0x0000000086600000, 0x0000000100000000)
  region size 1024K, 3 young (3072K), 1 survivors (1024K)
 Metaspace       used 24279K, committed 24576K, reserved 1114112K
  class space    used 2186K, committed 2304K, reserved 1048576K
GC Heap History (20 events):
Event: 32.918 GC heap before
{Heap before GC invocations=49 (full 0):
 garbage-first heap   total 273408K, used 120463K [0x0000000086600000, 0x0000000100000000)
  region size 1024K, 3 young (3072K), 1 survivors (1024K)
 Metaspace       used 24260K, committed 24448K, reserved 1114112K
  class space    used 2186K, committed 2304K, reserved 1048576K
}
Event: 32.920 GC heap after
{Heap after GC invocations=50 (full 0):
 garbage-first heap   total 273408K, used 92817K [0x0000000086600000, 0x0000000100000000)
  region size 1024K, 1 young (1024K), 1 survivors (1024K)
 Metaspace       used 24260K, committed 24448K, reserved 1114112K
  class space    used 2186K, committed 2304K, reserved 1048576K
}
Event: 33.410 GC heap before
{Heap before GC invocations=50 (full 0):
 garbage-first heap   total 273408K, used 123537K [0x0000000086600000, 0x0000000100000000)
  region size 1024K, 3 young (3072K), 1 survivors (1024K)
 Metaspace       used 24260K, committed 24448K, reserved 1114112K
  class space    used 2186K, committed 2304K, reserved 1048576K
}
Event: 33.412 GC heap after
{Heap after GC invocations=51 (full 0):
 garbage-first heap   total 273408K, used 86677K [0x0000000086600000, 0x0000000100000000)
  region size 1024K, 1 young (1024K), 1 survivors (1024K)
 Metaspace       used 24260K, committed 24448K, reserved 1114112K
  class space    used 2186K, committed 2304K, reserved 1048576K
}
Event: 33.699 GC heap before
{Heap before GC invocations=51 (full 0):
 garbage-first heap   total 273408K, used 121493K [0x0000000086600000, 0x0000000100000000)
  region size 1024K, 3 young (3072K), 1 survivors (1024K)
 Metaspace       used 24262K, committed 24448K, reserved 1114112K
  class space    used 2186K, committed 2304K, reserved 1048576K
}
Event: 33.701 GC heap after
{Heap after GC invocations=52 (full 0):
 garbage-first heap   total 273408K, used 92813K [0x0000000086600000, 0x0000000100000000)
  region size 1024K, 1 young (1024K), 1 survivors (1024K)
 Metaspace       used 24262K, committed 24448K, reserved 1114112K
  class space    used 2186K, committed 2304K, reserved 1048576K
}
Event: 34.031 GC heap before
{Heap before GC invocations=52 (full 0):
 garbage-first heap   total 273408K, used 120461K [0x0000000086600000, 0x0000000100000000)
  region size 1024K, 3 young (3072K), 1 survivors (1024K)
 Metaspace       used 24262K, committed 24448K, reserved 1114112K
  class space    used 2186K, committed 2304K, reserved 1048576K
}
Event: 34.033 GC heap after
{Heap after GC invocations=53 (full 0):
 garbage-first heap   total 273408K, used 87697K [0x0000000086600000, 0x0000000100000000)
  region size 1024K, 1 young (1024K), 1 survivors (1024K)
 Metaspace       used 24262K, committed 24448K, reserved 1114112K
  class space    used 2186K, committed 2304K, reserved 1048576K
}
Event: 34.503 GC heap before
{Heap before GC invocations=53 (full 0):
 garbage-first heap   total 273408K, used 122513K [0x0000000086600000, 0x0000000100000000)
  region size 1024K, 3 young (3072K), 1 survivors (1024K)
 Metaspace       used 24268K, committed 24448K, reserved 1114112K
  class space    used 2186K, committed 2304K, reserved 1048576K
}
Event: 34.505 GC heap after
{Heap after GC invocations=54 (full 0):
 garbage-first heap   total 273408K, used 89747K [0x0000000086600000, 0x0000000100000000)
  region size 1024K, 1 young (1024K), 1 survivors (1024K)
 Metaspace       used 24268K, committed 24448K, reserved 1114112K
  class space    used 2186K, committed 2304K, reserved 1048576K
}
Event: 34.791 GC heap before
{Heap before GC invocations=54 (full 0):
 garbage-first heap   total 273408K, used 121491K [0x0000000086600000, 0x0000000100000000)
  region size 1024K, 3 young (3072K), 1 survivors (1024K)
 Metaspace       used 24269K, committed 24448K, reserved 1114112K
  class space    used 2186K, committed 2304K, reserved 1048576K
}
Event: 34.793 GC heap after
{Heap after GC invocations=55 (full 0):
 garbage-first heap   total 273408K, used 89745K [0x0000000086600000, 0x0000000100000000)
  region size 1024K, 1 young (1024K), 1 survivors (1024K)
 Metaspace       used 24269K, committed 24448K, reserved 1114112K
  class space    used 2186K, committed 2304K, reserved 1048576K
}
Event: 35.110 GC heap before
{Heap before GC invocations=55 (full 0):
 garbage-first heap   total 273408K, used 120465K [0x0000000086600000, 0x0000000100000000)
  region size 1024K, 3 young (3072K), 1 survivors (1024K)
 Metaspace       used 24269K, committed 24448K, reserved 1114112K
  class space    used 2186K, committed 2304K, reserved 1048576K
}
Event: 35.112 GC heap after
{Heap after GC invocations=56 (full 0):
 garbage-first heap   total 273408K, used 87710K [0x0000000086600000, 0x0000000100000000)
  region size 1024K, 1 young (1024K), 1 survivors (1024K)
 Metaspace       used 24269K, committed 24448K, reserved 1114112K
  class space    used 2186K, committed 2304K, reserved 1048576K
}
Event: 35.611 GC heap before
{Heap before GC invocations=56 (full 0):
 garbage-first heap   total 273408K, used 122526K [0x0000000086600000, 0x0000000100000000)
  region size 1024K, 3 young (3072K), 1 survivors (1024K)
 Metaspace       used 24269K, committed 24448K, reserved 1114112K
  class space    used 2186K, committed 2304K, reserved 1048576K
}
Event: 35.612 GC heap after
{Heap after GC invocations=57 (full 0):
 garbage-first heap   total 273408K, used 89758K [0x0000000086600000, 0x0000000100000000)
  region size 1024K, 1 young (1024K), 1 survivors (1024K)
 Metaspace       used 24269K, committed 24448K, reserved 1114112K
  class space    used 2186K, committed 2304K, reserved 1048576K
}
Event: 35.899 GC heap before
{Heap before GC invocations=57 (full 0):
 garbage-first heap   total 273408K, used 121502K [0x0000000086600000, 0x0000000100000000)
  region size 1024K, 3 young (3072K), 1 survivors (1024K)
 Metaspace       used 24269K, committed 24448K, reserved 1114112K
  class space    used 2186K, committed 2304K, reserved 1048576K
}
Event: 35.900 GC heap after
{Heap after GC invocations=58 (full 0):
 garbage-first heap   total 273408K, used 89752K [0x0000000086600000, 0x0000000100000000)
  region size 1024K, 1 young (1024K), 1 survivors (1024K)
 Metaspace       used 24269K, committed 24448K, reserved 1114112K
  class space    used 2186K, committed 2304K, reserved 1048576K
}
Event: 36.239 GC heap before
{Heap before GC invocations=58 (full 0):
 garbage-first heap   total 273408K, used 120472K [0x0000000086600000, 0x0000000100000000)
  region size 1024K, 3 young (3072K), 1 survivors (1024K)
 Metaspace       used 24278K, committed 24576K, reserved 1114112K
  class space    used 2186K, committed 2304K, reserved 1048576K
}
Event: 36.241 GC heap after
{Heap after GC invocations=59 (full 0):
 garbage-first heap   total 273408K, used 87708K [0x0000000086600000, 0x0000000100000000)
  region size 1024K, 1 young (1024K), 1 survivors (1024K)
 Metaspace       used 24278K, committed 24576K, reserved 1114112K
  class space    used 2186K, committed 2304K, reserved 1048576K
}

