# JRE version: OpenJDK Runtime Environment Temurin-17.0.8.1+1 (17.0.8.1+1) (build 17.0.8.1+1)
# Java VM: OpenJDK 64-Bit Server VM Temurin-17.0.8.1+1 (17.0.8.1+1, mixed mode, sharing, tiered, compressed oops, compressed class ptrs, g1 gc, windows-amd64)
GC Precious Log:
 CPUs: 8 total, 8 available
 Memory: 7778M
 Large Page Support: Disabled
 NUMA Support: Disabled
 Compressed Oops: Enabled (32-bit)
 Heap Region Size: 1M
 Heap Min Capacity: 8M
 Heap Initial Capacity: 122M
 Heap Max Capacity: 1946M
 Pre-touch: Disabled
 Parallel Workers: 8
 Concurrent Workers: 2
 Concurrent Refinement Workers: 8
 Periodic GC: Disabled
Heap:
 garbage-first heap   total 124928K, used 60784K [0x0000000086600000, 0x0000000100000000)
  region size 1024K, 4 young (4096K), 3 survivors (3072K)
 Metaspace       used 23642K, committed 23872K, reserved 1114112K
  class space    used 2177K, committed 2304K, reserved 1048576K
GC Heap History (12 events):
Event: 1.031 GC heap before
{Heap before GC invocations=0 (full 0):
 garbage-first heap   total 124928K, used 31744K [0x0000000086600000, 0x0000000100000000)
  region size 1024K, 23 young (23552K), 0 survivors (0K)
 Metaspace       used 9157K, committed 9408K, reserved 1114112K
  class space    used 898K, committed 1024K, reserved 1048576K
}
Event: 1.036 GC heap after
{Heap after GC invocations=1 (full 0):
 garbage-first heap   total 124928K, used 13790K [0x0000000086600000, 0x0000000100000000)
  region size 1024K, 3 young (3072K), 3 survivors (3072K)
 Metaspace       used 9157K, committed 9408K, reserved 1114112K
  class space    used 898K, committed 1024K, reserved 1048576K
}
Event: 4.497 GC heap before
{Heap before GC invocations=1 (full 0):
 garbage-first heap   total 124928K, used 67038K [0x0000000086600000, 0x0000000100000000)
  region size 1024K, 30 young (30720K), 3 survivors (3072K)
 Metaspace       used 13177K, committed 13440K, reserved 1114112K
  class space    used 1390K, committed 1536K, reserved 1048576K
}
Event: 4.500 GC heap after
{Heap after GC invocations=2 (full 0):
 garbage-first heap   total 124928K, used 34925K [0x0000000086600000, 0x0000000100000000)
  region size 1024K, 2 young (2048K), 2 survivors (2048K)
 Metaspace       used 13177K, committed 13440K, reserved 1114112K
  class space    used 1390K, committed 1536K, reserved 1048576K
}
Event: 7.236 GC heap before
{Heap before GC invocations=2 (full 0):
 garbage-first heap   total 124928K, used 107629K [0x0000000086600000, 0x0000000100000000)
  region size 1024K, 60 young (61440K), 2 survivors (2048K)
 Metaspace       used 20555K, committed 20800K, reserved 1114112K
  class space    used 1735K, committed 1856K, reserved 1048576K
}
Event: 7.238 GC heap after
{Heap after GC invocations=3 (full 0):
 garbage-first heap   total 124928K, used 39844K [0x0000000086600000, 0x0000000100000000)
  region size 1024K, 3 young (3072K), 3 survivors (3072K)
 Metaspace       used 20555K, committed 20800K, reserved 1114112K
  class space    used 1735K, committed 1856K, reserved 1048576K
}
Event: 7.398 GC heap before
{Heap before GC invocations=3 (full 0):
 garbage-first heap   total 124928K, used 49060K [0x0000000086600000, 0x0000000100000000)
  region size 1024K, 13 young (13312K), 3 survivors (3072K)
 Metaspace       used 21288K, committed 21504K, reserved 1114112K
  class space    used 1808K, committed 1920K, reserved 1048576K
}
Event: 7.400 GC heap after
{Heap after GC invocations=4 (full 0):
 garbage-first heap   total 124928K, used 39834K [0x0000000086600000, 0x0000000100000000)
  region size 1024K, 3 young (3072K), 3 survivors (3072K)
 Metaspace       used 21288K, committed 21504K, reserved 1114112K
  class space    used 1808K, committed 1920K, reserved 1048576K
}
Event: 10.584 GC heap before
{Heap before GC invocations=5 (full 0):
 garbage-first heap   total 124928K, used 102298K [0x0000000086600000, 0x0000000100000000)
  region size 1024K, 49 young (50176K), 3 survivors (3072K)
 Metaspace       used 23591K, committed 23872K, reserved 1114112K
  class space    used 2176K, committed 2304K, reserved 1048576K
}
Event: 10.587 GC heap after
{Heap after GC invocations=6 (full 0):
 garbage-first heap   total 124928K, used 48477K [0x0000000086600000, 0x0000000100000000)
  region size 1024K, 3 young (3072K), 3 survivors (3072K)
 Metaspace       used 23591K, committed 23872K, reserved 1114112K
  class space    used 2176K, committed 2304K, reserved 1048576K
}
Event: 10.660 GC heap before
{Heap before GC invocations=6 (full 0):
 garbage-first heap   total 124928K, used 57693K [0x0000000086600000, 0x0000000100000000)
  region size 1024K, 5 young (5120K), 3 survivors (3072K)
 Metaspace       used 23612K, committed 23872K, reserved 1114112K
  class space    used 2177K, committed 2304K, reserved 1048576K
}
Event: 10.662 GC heap after
{Heap after GC invocations=7 (full 0):
 garbage-first heap   total 124928K, used 56688K [0x0000000086600000, 0x0000000100000000)
  region size 1024K, 3 young (3072K), 3 survivors (3072K)
 Metaspace       used 23612K, committed 23872K, reserved 1114112K
  class space    used 2177K, committed 2304K, reserved 1048576K
}

