# JRE version: OpenJDK Runtime Environment Temurin-17.0.8.1+1 (17.0.8.1+1) (build 17.0.8.1+1)
# Java VM: OpenJDK 64-Bit Server VM Temurin-17.0.8.1+1 (17.0.8.1+1, mixed mode, sharing, tiered, compressed oops, compressed class ptrs, g1 gc, windows-amd64)
GC Precious Log:
 CPUs: 8 total, 8 available
 Memory: 7778M
 Large Page Support: Disabled
 NUMA Support: Disabled
 Compressed Oops: Enabled (32-bit)
 Heap Region Size: 1M
 Heap Min Capacity: 8M
 Heap Initial Capacity: 122M
 Heap Max Capacity: 1946M
 Pre-touch: Disabled
 Parallel Workers: 8
 Concurrent Workers: 2
 Concurrent Refinement Workers: 8
 Periodic GC: Disabled
Heap:
 garbage-first heap   total 124928K, used 46160K [0x0000000086600000, 0x0000000100000000)
  region size 1024K, 10 young (10240K), 3 survivors (3072K)
 Metaspace       used 22098K, committed 22272K, reserved 1114112K
  class space    used 1958K, committed 2048K, reserved 1048576K
GC Heap History (8 events):
Event: 0.995 GC heap before
{Heap before GC invocations=0 (full 0):
 garbage-first heap   total 124928K, used 31744K [0x0000000086600000, 0x0000000100000000)
  region size 1024K, 23 young (23552K), 0 survivors (0K)
 Metaspace       used 9154K, committed 9408K, reserved 1114112K
  class space    used 898K, committed 1024K, reserved 1048576K
}
Event: 0.999 GC heap after
{Heap after GC invocations=1 (full 0):
 garbage-first heap   total 124928K, used 13889K [0x0000000086600000, 0x0000000100000000)
  region size 1024K, 3 young (3072K), 3 survivors (3072K)
 Metaspace       used 9154K, committed 9408K, reserved 1114112K
  class space    used 898K, committed 1024K, reserved 1048576K
}
Event: 6.714 GC heap before
{Heap before GC invocations=1 (full 0):
 garbage-first heap   total 124928K, used 67137K [0x0000000086600000, 0x0000000100000000)
  region size 1024K, 31 young (31744K), 3 survivors (3072K)
 Metaspace       used 13176K, committed 13376K, reserved 1114112K
  class space    used 1352K, committed 1472K, reserved 1048576K
}
Event: 6.717 GC heap after
{Heap after GC invocations=2 (full 0):
 garbage-first heap   total 124928K, used 35055K [0x0000000086600000, 0x0000000100000000)
  region size 1024K, 2 young (2048K), 2 survivors (2048K)
 Metaspace       used 13176K, committed 13376K, reserved 1114112K
  class space    used 1352K, committed 1472K, reserved 1048576K
}
Event: 9.567 GC heap before
{Heap before GC invocations=2 (full 0):
 garbage-first heap   total 124928K, used 107759K [0x0000000086600000, 0x0000000100000000)
  region size 1024K, 60 young (61440K), 2 survivors (2048K)
 Metaspace       used 20664K, committed 20864K, reserved 1114112K
  class space    used 1731K, committed 1856K, reserved 1048576K
}
Event: 9.569 GC heap after
{Heap after GC invocations=3 (full 0):
 garbage-first heap   total 124928K, used 39892K [0x0000000086600000, 0x0000000100000000)
  region size 1024K, 3 young (3072K), 3 survivors (3072K)
 Metaspace       used 20664K, committed 20864K, reserved 1114112K
  class space    used 1731K, committed 1856K, reserved 1048576K
}
Event: 9.709 GC heap before
{Heap before GC invocations=3 (full 0):
 garbage-first heap   total 124928K, used 50132K [0x0000000086600000, 0x0000000100000000)
  region size 1024K, 14 young (14336K), 3 survivors (3072K)
 Metaspace       used 21305K, committed 21504K, reserved 1114112K
  class space    used 1790K, committed 1920K, reserved 1048576K
}
Event: 9.711 GC heap after
{Heap after GC invocations=4 (full 0):
 garbage-first heap   total 124928K, used 40016K [0x0000000086600000, 0x0000000100000000)
  region size 1024K, 3 young (3072K), 3 survivors (3072K)
 Metaspace       used 21305K, committed 21504K, reserved 1114112K
  class space    used 1790K, committed 1920K, reserved 1048576K
}

