# JRE version: OpenJDK Runtime Environment Temurin-17.0.8.1+1 (17.0.8.1+1) (build 17.0.8.1+1)
# Java VM: OpenJDK 64-Bit Server VM Temurin-17.0.8.1+1 (17.0.8.1+1, mixed mode, tiered, compressed oops, compressed class ptrs, g1 gc, windows-amd64)
GC Precious Log:
 CPUs: 8 total, 8 available
 Memory: 7778M
 Large Page Support: Disabled
 NUMA Support: Disabled
 Compressed Oops: Enabled (32-bit)
 Heap Region Size: 1M
 Heap Min Capacity: 8M
 Heap Initial Capacity: 122M
 Heap Max Capacity: 1946M
 Pre-touch: Disabled
 Parallel Workers: 8
 Concurrent Workers: 2
 Concurrent Refinement Workers: 8
 Periodic GC: Disabled
Heap:
 garbage-first heap   total 221184K, used 76963K [0x0000000086600000, 0x0000000100000000)
  region size 1024K, 11 young (11264K), 10 survivors (10240K)
 Metaspace       used 65483K, committed 65920K, reserved 1114112K
  class space    used 7169K, committed 7360K, reserved 1048576K
GC Heap History (20 events):
Event: 5.220 GC heap before
{Heap before GC invocations=25 (full 0):
 garbage-first heap   total 58368K, used 33122K [0x0000000086600000, 0x0000000100000000)
  region size 1024K, 4 young (4096K), 3 survivors (3072K)
 Metaspace       used 47329K, committed 47680K, reserved 1114112K
  class space    used 5323K, committed 5504K, reserved 1048576K
}
Event: 5.222 GC heap after
{Heap after GC invocations=26 (full 0):
 garbage-first heap   total 58368K, used 32095K [0x0000000086600000, 0x0000000100000000)
  region size 1024K, 1 young (1024K), 1 survivors (1024K)
 Metaspace       used 47329K, committed 47680K, reserved 1114112K
  class space    used 5323K, committed 5504K, reserved 1048576K
}
Event: 5.297 GC heap before
{Heap before GC invocations=26 (full 0):
 garbage-first heap   total 58368K, used 44383K [0x0000000086600000, 0x0000000100000000)
  region size 1024K, 14 young (14336K), 1 survivors (1024K)
 Metaspace       used 48768K, committed 49088K, reserved 1114112K
  class space    used 5560K, committed 5696K, reserved 1048576K
}
Event: 5.298 GC heap after
{Heap after GC invocations=27 (full 0):
 garbage-first heap   total 110592K, used 33165K [0x0000000086600000, 0x0000000100000000)
  region size 1024K, 2 young (2048K), 2 survivors (2048K)
 Metaspace       used 48768K, committed 49088K, reserved 1114112K
  class space    used 5560K, committed 5696K, reserved 1048576K
}
Event: 5.627 GC heap before
{Heap before GC invocations=28 (full 0):
 garbage-first heap   total 110592K, used 81293K [0x0000000086600000, 0x0000000100000000)
  region size 1024K, 46 young (47104K), 2 survivors (2048K)
 Metaspace       used 51614K, committed 52032K, reserved 1114112K
  class space    used 5880K, committed 6080K, reserved 1048576K
}
Event: 5.631 GC heap after
{Heap after GC invocations=29 (full 0):
 garbage-first heap   total 110592K, used 42444K [0x0000000086600000, 0x0000000100000000)
  region size 1024K, 6 young (6144K), 6 survivors (6144K)
 Metaspace       used 51614K, committed 52032K, reserved 1114112K
  class space    used 5880K, committed 6080K, reserved 1048576K
}
Event: 5.636 GC heap before
{Heap before GC invocations=29 (full 0):
 garbage-first heap   total 110592K, used 43468K [0x0000000086600000, 0x0000000100000000)
  region size 1024K, 7 young (7168K), 6 survivors (6144K)
 Metaspace       used 51618K, committed 52032K, reserved 1114112K
  class space    used 5880K, committed 6080K, reserved 1048576K
}
Event: 5.640 GC heap after
{Heap after GC invocations=30 (full 0):
 garbage-first heap   total 110592K, used 40416K [0x0000000086600000, 0x0000000100000000)
  region size 1024K, 1 young (1024K), 1 survivors (1024K)
 Metaspace       used 51618K, committed 52032K, reserved 1114112K
  class space    used 5880K, committed 6080K, reserved 1048576K
}
Event: 5.831 GC heap before
{Heap before GC invocations=30 (full 0):
 garbage-first heap   total 110592K, used 82400K [0x0000000086600000, 0x0000000100000000)
  region size 1024K, 40 young (40960K), 1 survivors (1024K)
 Metaspace       used 52576K, committed 52864K, reserved 1114112K
  class space    used 6019K, committed 6144K, reserved 1048576K
}
Event: 5.836 GC heap after
{Heap after GC invocations=31 (full 0):
 garbage-first heap   total 110592K, used 46584K [0x0000000086600000, 0x0000000100000000)
  region size 1024K, 5 young (5120K), 5 survivors (5120K)
 Metaspace       used 52576K, committed 52864K, reserved 1114112K
  class space    used 6019K, committed 6144K, reserved 1048576K
}
Event: 6.027 GC heap before
{Heap before GC invocations=31 (full 0):
 garbage-first heap   total 110592K, used 83448K [0x0000000086600000, 0x0000000100000000)
  region size 1024K, 41 young (41984K), 5 survivors (5120K)
 Metaspace       used 54167K, committed 54464K, reserved 1114112K
  class space    used 6173K, committed 6336K, reserved 1048576K
}
Event: 6.030 GC heap after
{Heap after GC invocations=32 (full 0):
 garbage-first heap   total 110592K, used 53791K [0x0000000086600000, 0x0000000100000000)
  region size 1024K, 6 young (6144K), 6 survivors (6144K)
 Metaspace       used 54167K, committed 54464K, reserved 1114112K
  class space    used 6173K, committed 6336K, reserved 1048576K
}
Event: 6.519 GC heap before
{Heap before GC invocations=32 (full 0):
 garbage-first heap   total 110592K, used 83487K [0x0000000086600000, 0x0000000100000000)
  region size 1024K, 36 young (36864K), 6 survivors (6144K)
 Metaspace       used 59484K, committed 59840K, reserved 1114112K
  class space    used 6615K, committed 6784K, reserved 1048576K
}
Event: 6.524 GC heap after
{Heap after GC invocations=33 (full 0):
 garbage-first heap   total 221184K, used 59060K [0x0000000086600000, 0x0000000100000000)
  region size 1024K, 5 young (5120K), 5 survivors (5120K)
 Metaspace       used 59484K, committed 59840K, reserved 1114112K
  class space    used 6615K, committed 6784K, reserved 1048576K
}
Event: 19.664 GC heap before
{Heap before GC invocations=33 (full 0):
 garbage-first heap   total 221184K, used 166580K [0x0000000086600000, 0x0000000100000000)
  region size 1024K, 108 young (110592K), 5 survivors (5120K)
 Metaspace       used 63293K, committed 63680K, reserved 1114112K
  class space    used 6915K, committed 7104K, reserved 1048576K
}
Event: 19.669 GC heap after
{Heap after GC invocations=34 (full 0):
 garbage-first heap   total 221184K, used 66804K [0x0000000086600000, 0x0000000100000000)
  region size 1024K, 10 young (10240K), 10 survivors (10240K)
 Metaspace       used 63293K, committed 63680K, reserved 1114112K
  class space    used 6915K, committed 7104K, reserved 1048576K
}
Event: 20.269 GC heap before
{Heap before GC invocations=34 (full 0):
 garbage-first heap   total 221184K, used 165108K [0x0000000086600000, 0x0000000100000000)
  region size 1024K, 106 young (108544K), 10 survivors (10240K)
 Metaspace       used 64786K, committed 65216K, reserved 1114112K
  class space    used 7132K, committed 7296K, reserved 1048576K
}
Event: 20.276 GC heap after
{Heap after GC invocations=35 (full 0):
 garbage-first heap   total 221184K, used 73174K [0x0000000086600000, 0x0000000100000000)
  region size 1024K, 14 young (14336K), 14 survivors (14336K)
 Metaspace       used 64786K, committed 65216K, reserved 1114112K
  class space    used 7132K, committed 7296K, reserved 1048576K
}
Event: 66.469 GC heap before
{Heap before GC invocations=35 (full 0):
 garbage-first heap   total 221184K, used 169430K [0x0000000086600000, 0x0000000100000000)
  region size 1024K, 107 young (109568K), 14 survivors (14336K)
 Metaspace       used 65446K, committed 65856K, reserved 1114112K
  class space    used 7166K, committed 7360K, reserved 1048576K
}
Event: 66.474 GC heap after
{Heap after GC invocations=36 (full 0):
 garbage-first heap   total 221184K, used 76963K [0x0000000086600000, 0x0000000100000000)
  region size 1024K, 10 young (10240K), 10 survivors (10240K)
 Metaspace       used 65446K, committed 65856K, reserved 1114112K
  class space    used 7166K, committed 7360K, reserved 1048576K
}

